Resolving file 002_HGB_1_002_047_004.xml between users admin, kfuchs.
(['admin', 'kfuchs'], 'outfiles\\admin_002_HGB_1_002_047_004.xml')
User kfuchs was chosen.
outfiles\admin_001_HGB_1_002_096_007.xml
outfiles\admin_002_HGB_1_002_047_004.xml
outfiles\admin_004_HGB_1_013_012_066.xml
outfiles\admin_008_HGB_1_024_074_020.xml
outfiles\admin_009_HGB_1_024_108_011.xml
outfiles\admin_011_HGB_1_028_032_029.xml
outfiles\admin_012_HGB_1_028_067_054.xml
outfiles\admin_016_HGB_1_051_024_027.xml
outfiles\admin_018_HGB_1_051_086_076.xml
outfiles\admin_022_HGB_1_058_099_070.xml
outfiles\admin_023_HGB_1_058_143_037.xml
outfiles\admin_026_HGB_1_063_059_006.xml
outfiles\admin_027_HGB_1_063_088_031.xml
outfiles\admin_028_HGB_1_064_009_052.xml
outfiles\admin_029_HGB_1_066_048_066.xml
outfiles\admin_030_HGB_1_066_068_040.xml
outfiles\admin_031_HGB_1_068_006_030.xml
outfiles\admin_035_HGB_1_085_009_017.xml
outfiles\admin_036_HGB_1_085_015_010.xml
outfiles\admin_038_HGB_1_091_054_023.xml
outfiles\admin_045_HGB_1_106_013_014.xml
outfiles\admin_048_HGB_1_114_012_016.xml
outfiles\admin_051_HGB_1_122_049_015.xml
outfiles\admin_054_HGB_1_137_070_013.xml
outfiles\admin_055_HGB_1_137_084_055.xml
outfiles\admin_056_HGB_1_137_086_065.xml
outfiles\admin_058_HGB_1_146_032_033.xml
outfiles\admin_060_HGB_1_153_016_041.xml
outfiles\admin_061_HGB_1_153_031_031.xml
outfiles\admin_062_HGB_1_154_015_023.xml
outfiles\admin_063_HGB_1_154_024_023.xml
outfiles\admin_067_HGB_1_159_078_013.xml
outfiles\admin_068_HGB_1_161_010_009.xml
WARNING: Tag index was outside text length. This can happen when a header was annotated and removed.
WARNING: Tag index was outside text length. This can happen when a header was annotated and removed.
WARNING: Tag index was outside text length. This can happen when a header was annotated and removed.
WARNING: Tag index was outside text length. This can happen when a header was annotated and removed.
WARNING: Tag index was outside text length. This can happen when a header was annotated and removed.
WARNING: Tag index was outside text length. This can happen when a header was annotated and removed.
WARNING: Tag index was outside text length. This can happen when a header was annotated and removed.
WARNING: Tag index was outside text length. This can happen when a header was annotated and removed.
outfiles\admin_070_HGB_1_161_039_021.xml
outfiles\admin_071_HGB_1_173_016_062.xml
outfiles\admin_072_HGB_1_177_032_049.xml
outfiles\admin_073_HGB_1_177_034_012.xml
outfiles\admin_074_HGB_1_178_017_010.xml
outfiles\admin_076_HGB_1_184_042_008.xml
outfiles\admin_077_HGB_1_189_019_025.xml
outfiles\admin_082_HGB_1_197_021_055.xml
outfiles\admin_085_HGB_1_203_011_031.xml
outfiles\admin_088_HGB_1_215_022_034.xml
outfiles\admin_089_HGB_1_215_048_018.xml
outfiles\admin_090_HGB_1_215_059_016.xml
outfiles\admin_093_HGB_1_218_016_021.xml
outfiles\admin_094_HGB_1_220_020_005.xml
outfiles\admin_095_HGB_1_223_008_040.xml
outfiles\admin_097_HGB_1_225_064_029.xml
outfiles\admin_100_HGB_1_229_029_029.xml
outfiles\admin_HGB_Exp_11_001_HGB_1_002_083_008.xml
outfiles\admin_HGB_Exp_11_002_HGB_1_002_085_019.xml
outfiles\admin_HGB_Exp_11_003_HGB_1_002_089_021.xml
outfiles\admin_HGB_Exp_11_008_HGB_1_010_057_005.xml
outfiles\admin_HGB_Exp_11_009_HGB_1_010_067_052.xml
outfiles\admin_HGB_Exp_11_010_HGB_1_010_071_009.xml
outfiles\admin_HGB_Exp_11_012_HGB_1_010_082_032.xml
outfiles\admin_HGB_Exp_11_013_HGB_1_010_086_036.xml
outfiles\admin_HGB_Exp_11_014_HGB_1_010_119_004.xml
outfiles\admin_HGB_Exp_11_015_HGB_1_013_008_017.xml
outfiles\admin_HGB_Exp_11_016_HGB_1_013_012_016.xml
outfiles\admin_HGB_Exp_11_018_HGB_1_014_016_005.xml
outfiles\admin_HGB_Exp_11_023_HGB_1_024_115_015.xml
outfiles\admin_HGB_Exp_11_024_HGB_1_028_013_063.xml
outfiles\admin_HGB_Exp_11_026_HGB_1_050_030_027.xml
outfiles\admin_HGB_Exp_11_027_HGB_1_050_042_030.xml
outfiles\admin_HGB_Exp_11_028_HGB_1_050_047_059.xml
outfiles\admin_HGB_Exp_11_031_HGB_1_058_020_022.xml
outfiles\admin_HGB_Exp_11_033_HGB_1_058_057_131.xml
outfiles\admin_HGB_Exp_11_034_HGB_1_058_070_040.xml
outfiles\admin_HGB_Exp_11_035_HGB_1_058_070_059.xml
outfiles\admin_HGB_Exp_11_036_HGB_1_058_170_015.xml
outfiles\admin_HGB_Exp_11_037_HGB_1_058_178_066.xml
outfiles\admin_HGB_Exp_11_039_HGB_1_063_036_044.xml
outfiles\admin_HGB_Exp_11_040_HGB_1_063_042_027.xml
outfiles\admin_HGB_Exp_11_041_HGB_1_063_043_008.xml
outfiles\admin_HGB_Exp_11_042_HGB_1_063_052_078.xml
outfiles\admin_HGB_Exp_11_043_HGB_1_063_067_021.xml
outfiles\admin_HGB_Exp_11_046_HGB_1_063_090_027.xml
outfiles\admin_HGB_Exp_11_047_HGB_1_063_092_005.xml
outfiles\admin_HGB_Exp_11_048_HGB_1_063_117_075.xml
outfiles\admin_HGB_Exp_11_053_HGB_1_066_034_005.xml
outfiles\admin_HGB_Exp_11_054_HGB_1_066_055_010.xml
outfiles\admin_HGB_Exp_11_057_HGB_1_068_010_016.xml
outfiles\admin_HGB_Exp_11_058_HGB_1_074_011_018.xml
outfiles\admin_HGB_Exp_11_059_HGB_1_074_038_005.xml
outfiles\admin_HGB_Exp_11_061_HGB_1_074_078_009.xml
outfiles\admin_HGB_Exp_11_062_HGB_1_078_021_047.xml
outfiles\admin_HGB_Exp_11_065_HGB_1_085_035_026.xml
outfiles\admin_HGB_Exp_11_066_HGB_1_085_037_005.xml
outfiles\admin_HGB_Exp_11_068_HGB_1_091_040_005.xml
outfiles\admin_HGB_Exp_11_070_HGB_1_091_091_003.xml
outfiles\admin_HGB_Exp_11_071_HGB_1_091_106_014.xml
outfiles\admin_HGB_Exp_11_073_HGB_1_091_122_029.xml
outfiles\admin_HGB_Exp_11_075_HGB_1_091_129_022.xml
outfiles\admin_HGB_Exp_11_078_HGB_1_095_015_011.xml
outfiles\admin_HGB_Exp_11_079_HGB_1_095_015_015.xml
outfiles\admin_HGB_Exp_11_080_HGB_1_098_023_013.xml
outfiles\admin_HGB_Exp_11_082_HGB_1_103_016_039.xml
outfiles\admin_HGB_Exp_11_086_HGB_1_120_036_019.xml
outfiles\admin_HGB_Exp_11_088_HGB_1_120_067_019.xml
outfiles\admin_HGB_Exp_11_092_HGB_1_133_023_014.xml
outfiles\admin_HGB_Exp_11_094_HGB_1_136_040_061.xml
outfiles\admin_HGB_Exp_11_096_HGB_1_137_048_019.xml
outfiles\admin_HGB_Exp_11_098_HGB_1_137_063_047.xml
outfiles\admin_HGB_Exp_11_099_HGB_1_137_082_071.xml
outfiles\admin_HGB_Exp_11_100_HGB_1_137_085_035.xml
outfiles\admin_HGB_Exp_11_101_HGB_1_145_011_018.xml
outfiles\admin_HGB_Exp_11_102_HGB_1_145_012_016.xml
outfiles\admin_HGB_Exp_11_103_HGB_1_145_031_021.xml
outfiles\admin_HGB_Exp_11_104_HGB_1_146_025_004.xml
outfiles\admin_HGB_Exp_11_105_HGB_1_147_042_008.xml
outfiles\admin_HGB_Exp_11_107_HGB_1_148_009_027.xml
outfiles\admin_HGB_Exp_11_108_HGB_1_149_026_004.xml
outfiles\admin_HGB_Exp_11_109_HGB_1_151_016_030.xml
outfiles\admin_HGB_Exp_11_110_HGB_1_153_015_011.xml
outfiles\admin_HGB_Exp_11_111_HGB_1_153_016_026.xml
outfiles\admin_HGB_Exp_11_112_HGB_1_154_040_010.xml
outfiles\admin_HGB_Exp_11_115_HGB_1_159_045_005.xml
outfiles\admin_HGB_Exp_11_119_HGB_1_159_081_042.xml
outfiles\admin_HGB_Exp_11_120_HGB_1_159_093_018.xml
outfiles\admin_HGB_Exp_11_121_HGB_1_159_095_045.xml
outfiles\admin_HGB_Exp_11_123_HGB_1_159_109_003.xml
outfiles\admin_HGB_Exp_5_001_HGB_1_002_103_043.xml
outfiles\admin_HGB_Exp_5_003_HGB_1_008_029_003.xml
outfiles\admin_HGB_Exp_5_004_HGB_1_008_051_037.xml
outfiles\admin_HGB_Exp_5_006_HGB_1_013_006_051.xml
outfiles\admin_HGB_Exp_5_007_HGB_1_013_006_063.xml
outfiles\admin_HGB_Exp_5_010_HGB_1_028_013_034.xml
outfiles\admin_HGB_Exp_5_011_HGB_1_028_028_004.xml
outfiles\admin_HGB_Exp_5_012_HGB_1_050_022_018.xml
outfiles\admin_HGB_Exp_5_015_HGB_1_058_125_022.xml
outfiles\admin_HGB_Exp_5_019_HGB_1_063_019_024.xml
outfiles\admin_HGB_Exp_5_022_HGB_1_063_103_032.xml
outfiles\admin_HGB_Exp_5_024_HGB_1_063_120_014.xml
outfiles\admin_HGB_Exp_5_028_HGB_1_066_054_023.xml
outfiles\admin_HGB_Exp_5_034_HGB_1_091_039_003.xml
outfiles\admin_HGB_Exp_5_035_HGB_1_091_065_017.xml
outfiles\admin_HGB_Exp_5_037_HGB_1_091_127_018.xml
outfiles\admin_HGB_Exp_5_038_HGB_1_091_148_003.xml
outfiles\admin_HGB_Exp_5_040_HGB_1_112_021_030.xml
outfiles\admin_HGB_Exp_5_042_HGB_1_113_055_022.xml
outfiles\admin_HGB_Exp_5_043_HGB_1_117_028_039.xml
outfiles\admin_HGB_Exp_5_044_HGB_1_122_018_011.xml
ERROR: A reference and an attribute cover each other fully, meaning a head is missing. Attribute will be deleted and Reference fixed, please investigate.
outfiles\admin_HGB_Exp_5_045_HGB_1_133_022_056.xml
outfiles\admin_HGB_Exp_5_046_HGB_1_133_024_015.xml
Opening and ending tag mismatch: List line 3 and Head, line 3, column 69 (<string>, line 3)
b'<Text><List mention_id="0" subtype="" entity_types="per,per,per,per"><Reference mention_id="4" mention_type="nam" mention_subtype="" entity_type="per" numerus="sgl" specificity="spc" tempus="pres"><Head>Samuel K\xc3\xb6nig</Head> <Attribute mention_id="37" mention_type="nom" mention_subtype="occ" entity_type="per" numerus="sgl" specificity="spc" tempus="pres"><Head>Prediger</Head> <Descriptor desc_type="loc">zu <Reference mention_id="5" mention_type="nam" mention_subtype="" entity_type="gpe_loc" numerus="sgl" specificity="spc" tempus="pres"><Head>Bus</Head></Reference></Descriptor></Attribute></Reference> , u . <Reference mention_id="6" mention_type="nam" mention_subtype="" entity_type="per" numerus="sgl" specificity="spc" tempus="pres"><Attribute mention_id="38" mention_type="nom" mention_subtype="fam" entity_type="per" numerus="sgl" specificity="spc" tempus="pres"><Reference mention_id="7" mention_type="pro" mention_subtype="" entity_type="per" numerus="sgl" specificity="spc" tempus="pres"><Head>seine</Head></Reference> <Head>Frau</Head></Attribute> <Head>Sophia H\xc3\xbcsern</Head></Reference> ,\nsodan <Reference mention_id="8" mention_type="nam" mention_subtype="" entity_type="per" numerus="sgl" specificity="spc" tempus="pres"><Head>Eusebu Bischoffs</Head> <Attribute mention_id="39" mention_type="nom" mention_subtype="occ" entity_type="per" numerus="sgl" specificity="spc" tempus="pres"><Head>Buchtruckher</Head></Attribute></Reference> jnnamen u . als <Reference mention_id="9" mention_type="nom" mention_subtype="per-repr" entity_type="per" numerus="sgl" specificity="spc" tempus="pres"><Head>Vogt</Head> <Reference mention_id="10" mention_type="nam" mention_subtype="" entity_type="per" numerus="sgl" specificity="spc" tempus="pres"><Head>Hanns\n<List mention_id="1" subtype="" entity_types="per,per">Ulrich</Head></Reference> , <Reference mention_id="11" mention_type="nam" mention_subtype="" entity_type="per" numerus="sgl" specificity="spc" tempus="pres"><Head>Abraham</Head></Reference> , und <Reference mention_id="12" mention_type="nam" mention_subtype="" entity_type="per" numerus="sgl" specificity="spc" tempus="pres"><Head>Hanns Heinrich Gueck</Head></Reference> , <Attribute mention_id="40" mention_type="nom" mention_subtype="fam" entity_type="per" numerus="grp" specificity="spc" tempus="pres"><Reference mention_id="13" mention_type="nam" mention_subtype="" entity_type="per" numerus="sgl" specificity="spc" tempus="pres">wyl . <Head>Pauli Queckl</Head> .\n<Attribute mention_id="41" mention_type="nom" mention_subtype="occ" entity_type="per" numerus="sgl" specificity="spc" tempus="pres"><Head>Buchtruckhers</Head></Attribute> <Descriptor desc_type="dead">sel .</Descriptor></Reference> <Head>Son</Head></Attribute></List></Reference></List> , so <Reference mention_id="14" mention_type="pro" mention_subtype="" entity_type="per" numerus="sgl" specificity="spc" tempus="pres"><Head>er</Head></Reference> by <Reference mention_id="15" mention_type="nam" mention_subtype="" entity_type="per" numerus="sgl" specificity="spc" tempus="pres">ermelter <Head>Sophia</Head></Reference> ehel . erzl . ver \xc2\xac\nkaufen an <List mention_id="2" subtype="" entity_types="per,per"><Reference mention_id="16" mention_type="nam" mention_subtype="" entity_type="per" numerus="sgl" specificity="spc" tempus="pres"><Head>Janus Exartier</Head></Reference> u . <Reference mention_id="17" mention_type="nam" mention_subtype="" entity_type="per" numerus="sgl" specificity="spc" tempus="pres"><Head>Jacoben Frylet</Head></Reference> <Attribute mention_id="42" mention_type="nom" mention_subtype="occ" entity_type="per" numerus="grp" specificity="spc" tempus="pres"><Head>Buchtruckhern</Head></Attribute></List> ,\nsaml <Reference mention_id="18" mention_type="nom" mention_subtype="" entity_type="fac" numerus="sgl" specificity="spc" tempus="pres">das <Head>Hus und Hofstatt</Head> , <Descriptor desc_type="same">so etwan <Reference mention_id="19" mention_type="nom" mention_subtype="" entity_type="fac" numerus="grp" specificity="spc" tempus="pres"><Head>zwey H\xc3\xbcser</Head></Reference> gewesen</Descriptor> ,\n<Reference mention_id="20" mention_type="nam" mention_subtype="" entity_type="fac" numerus="sgl" specificity="spc" tempus="pres"><Head>zur Schufflen</Head></Reference> und <Reference mention_id="21" mention_type="nam" mention_subtype="" entity_type="fac" numerus="sgl" specificity="spc" tempus="pres"><Head>H\xc3\xb6rnlin</Head></Reference> genannt , <Descriptor desc_type="loc">gegen <Reference mention_id="22" mention_type="nom" mention_subtype="" entity_type="fac" numerus="sgl" specificity="spc" tempus="pres">dem <Head>Spittal</Head></Reference> \xc3\xbcber ,\nby <Reference mention_id="23" mention_type="nom" mention_subtype="" entity_type="fac" numerus="sgl" specificity="spc" tempus="pres">dem <Head>Brunnen</Head></Reference> , zwischen <Reference mention_id="24" mention_type="nom" mention_subtype="comp" entity_type="fac" numerus="grp" specificity="spc" tempus="pres">den <Head>H\xc3\xbcsern</Head> <Reference mention_id="25" mention_type="nam" mention_subtype="" entity_type="fac" numerus="sgl" specificity="spc" tempus="pres"><Head>zur Khrupfen</Head></Reference> und <Reference mention_id="26" mention_type="nam" mention_subtype="" entity_type="fac" numerus="sgl" specificity="spc" tempus="pres"><Head>Vogel \xc2\xac\ngang</Head></Reference></Reference> gelegen</Descriptor></Reference> , sum <Value value_type="money">848 \xe2\x84\x94 10sh .</Value>\nzinst <Value value_type="time.rec">j\xc3\xa4hrl</Value> <Reference mention_id="27" mention_type="nam" mention_subtype="" entity_type="per" numerus="sgl" specificity="spc" tempus="pres"><Head>Sebastian Angler</Head> <Descriptor desc_type="loc">zu <Reference mention_id="28" mention_type="nam" mention_subtype="" entity_type="gpe_loc" numerus="sgl" specificity="spc" tempus="pres"><Head>Friburg</Head></Reference></Descriptor></Reference> <Value value_type="money">5 \xe2\x84\x94</Value> ab <Reference mention_id="29" mention_type="nam" mention_subtype="" entity_type="fac" numerus="sgl" specificity="spc" tempus="pres">dem <Head>Hus zur\nSchufflen</Head></Reference> , sind mit <Value value_type="money">100 \xe2\x84\x94</Value> Hptg . abzul . u . dan zinsen <Reference mention_id="30" mention_type="nom" mention_subtype="" entity_type="fac" numerus="grp" specificity="spc" tempus="pres">bede <Head>H\xc3\xbcser</Head></Reference>\ngememlich <Reference mention_id="31" mention_type="nam" mention_subtype="" entity_type="org_rel" numerus="sgl" specificity="spc" tempus="pres">dem <Head>Albancloster</Head></Reference> <Value value_type="money">30sh .</Value> sind mit <Value value_type="money">30 \xe2\x84\x94</Value> Hptg . abzul .\nItem <Reference mention_id="32" mention_type="nam" mention_subtype="" entity_type="org_rel" numerus="sgl" specificity="spc" tempus="pres">der <Head>Camerey uff Burg</Head></Reference> <Value value_type="time.rec">j\xc3\xa4hrl .</Value> <Value value_type="money">2 \xe2\x84\x94</Value> sind mit <Value value_type="money">40 \xe2\x84\x94</Value> abzul .\nmehr <Reference mention_id="33" mention_type="nam" mention_subtype="" entity_type="org_rel" numerus="sgl" specificity="spc" tempus="pres"><Head>St . Petersstift</Head></Reference> <Value value_type="money">5 fl .</Value> sind mit <Value value_type="money">100 fl .</Value> abzul . letstl . <List mention_id="3" subtype="" entity_types="per,per"><Reference mention_id="34" mention_type="nam" mention_subtype="" entity_type="per" numerus="sgl" specificity="spc" tempus="pres"><Head>Balthasar Humel</Head>\n<Attribute mention_id="43" mention_type="nom" mention_subtype="occ" entity_type="per" numerus="sgl" specificity="spc" tempus="pres">dem <Head>Apotheker</Head></Attribute></Reference> u . <Reference mention_id="35" mention_type="nom" mention_subtype="heir" entity_type="per" numerus="grp" specificity="spc" tempus="pres"><Reference mention_id="36" mention_type="nam" mention_subtype="" entity_type="per" numerus="sgl" specificity="spc" tempus="pres"><Head>Marz Rippel</Head> <Descriptor desc_type="dead">sel .</Descriptor></Reference> <Head>erben</Head></Reference></List> gemen <Value value_type="money">16 \xe2\x84\x94</Value> such mit <Value value_type="money">320 \xe2\x84\x94</Value> Hptz abzel .\nsonst wert zinsfrey .\n</Text>'
outfiles\admin_HGB_Exp_5_047_HGB_1_133_027_010.xml
outfiles\admin_HGB_Exp_5_048_HGB_1_133_036_004.xml
outfiles\admin_HGB_Exp_5_049_HGB_1_133_036_027.xml
outfiles\admin_HGB_Exp_5_050_HGB_1_136_009_080.xml
outfiles\admin_HGB_Exp_5_052_HGB_1_145_027_014.xml
outfiles\admin_HGB_Exp_5_053_HGB_1_145_028_027.xml
outfiles\admin_HGB_Exp_5_054_HGB_1_146_025_019.xml
outfiles\admin_HGB_Exp_5_055_HGB_1_147_016_032.xml
outfiles\admin_HGB_Exp_5_056_HGB_1_147_040_013.xml
outfiles\admin_HGB_Exp_5_061_HGB_1_154_021_038.xml
outfiles\admin_HGB_Exp_5_062_HGB_1_154_025_005.xml
outfiles\admin_HGB_Exp_5_063_HGB_1_154_060_009.xml
outfiles\admin_HGB_Exp_5_065_HGB_1_159_056_025.xml
outfiles\admin_HGB_Exp_5_068_HGB_1_159_144_003.xml
outfiles\admin_HGB_Exp_5_070_HGB_1_161_032_012.xml
outfiles\admin_HGB_Exp_5_071_HGB_1_168_072_020.xml
outfiles\admin_HGB_Exp_5_072_HGB_1_177_030_065.xml
outfiles\admin_HGB_Exp_5_073_HGB_1_177_034_042.xml
outfiles\admin_HGB_Exp_5_075_HGB_1_181_037_007.xml
Opening and ending tag mismatch: Reference line 2 and List, line 3, column 19 (<string>, line 3)
b'<Text>Ist <Reference mention_id="1" mention_type="nam" mention_subtype="" entity_type="fac" numerus="sgl" specificity="spc" tempus="pres"><Descriptor desc_type="owner"><Reference mention_id="2" mention_type="nam" mention_subtype="" entity_type="per" numerus="sgl" specificity="spc" tempus="pres"><Head>Lux Scherben</Head> <Attribute mention_id="10" mention_type="nom" mention_subtype="occ" entity_type="per" numerus="sgl" specificity="spc" tempus="pres">des <Head>Sattlers</Head></Attribute></Reference></Descriptor> <Head>Stall</Head> , <Descriptor desc_type="loc">by <Reference mention_id="3" mention_type="nam" mention_subtype="" entity_type="fac" numerus="sgl" specificity="spc" tempus="pres">der <Head>Herberg zur Cronen</Head></Reference> ,\n<Reference mention_id="4" mention_type="nam" mention_subtype="" entity_type="fac_street" numerus="sgl" specificity="spc" tempus="pres">jm <Head>Predigergessly</Head></Reference> , zw\xc3\xbcschen <Reference mention_id="5" mention_type="nom" mention_subtype="owner" entity_type="fac" numerus="grp" specificity="spc" tempus="pres"><List mention_id="0" subtype="" entity_types="per"><Reference mention_id="6" mention_type="nam" mention_subtype="" entity_type="per" numerus="sgl" specificity="spc" tempus="pres"><Head>Hansen Brunen</Head></Reference> und <Reference mention_id="7" mention_type="nam" mention_subtype="" entity_type="per" numerus="sgl" specificity="spc" tempus="pres"><Head>Hansen\nMeyr</Head></List> <Attribute mention_id="11" mention_type="nom" mention_subtype="occ" entity_type="per" numerus="sgl" specificity="spc" tempus="pres">der <Head>Satler</Head></Attribute></Reference> <Head>H\xc3\xbcser</Head></Reference> glegen</Descriptor></Reference> , als <Reference mention_id="8" mention_type="nom" mention_subtype="owner" entity_type="fac" numerus="sgl" specificity="spc" tempus="pres"><Reference mention_id="9" mention_type="nom" mention_subtype="" entity_type="per" numerus="sgl" specificity="spc" tempus="pres">eins erblosen <Head>Mans</Head></Reference> <Head>gut</Head></Reference> , gefr\xc3\xb6nt .\n\n</Text>'
outfiles\admin_HGB_Exp_5_076_HGB_1_184_010_047.xml
outfiles\admin_HGB_Exp_5_078_HGB_1_189_054_014.xml
outfiles\admin_HGB_Exp_5_079_HGB_1_194_047_042.xml
outfiles\admin_HGB_Exp_5_080_HGB_1_194_070_012.xml
outfiles\admin_HGB_Exp_5_082_HGB_1_194_101_008.xml
outfiles\admin_HGB_Exp_5_083_HGB_1_194_106_039.xml
outfiles\admin_HGB_Exp_5_084_HGB_1_197_019_052.xml
outfiles\admin_HGB_Exp_5_085_HGB_1_197_020_007.xml
outfiles\admin_HGB_Exp_5_086_HGB_1_197_032_006.xml
outfiles\admin_HGB_Exp_5_087_HGB_1_197_082_070.xml
outfiles\admin_HGB_Exp_5_093_HGB_1_216_011_044.xml
outfiles\admin_HGB_Exp_5_095_HGB_1_225_060_009.xml
outfiles\admin_HGB_Exp_5_100_HGB_1_229_016_026.xml
outfiles\admin_HGB_Exp_6_002_HGB_1_002_064_018.xml
outfiles\admin_HGB_Exp_6_004_HGB_1_002_089_012.xml
outfiles\admin_HGB_Exp_6_005_HGB_1_002_090_028.xml
outfiles\admin_HGB_Exp_6_011_HGB_1_010_068_017.xml
outfiles\admin_HGB_Exp_6_012_HGB_1_010_137_012.xml
outfiles\admin_HGB_Exp_6_014_HGB_1_024_022_050.xml
outfiles\admin_HGB_Exp_6_015_HGB_1_024_042_041.xml
outfiles\admin_HGB_Exp_6_017_HGB_1_050_037_030.xml
outfiles\admin_HGB_Exp_6_018_HGB_1_050_038_011.xml
outfiles\admin_HGB_Exp_6_019_HGB_1_051_019_076.xml
outfiles\admin_HGB_Exp_6_020_HGB_1_051_052_014.xml
outfiles\admin_HGB_Exp_6_021_HGB_1_051_065_028.xml
outfiles\admin_HGB_Exp_6_022_HGB_1_056_017_014.xml
outfiles\admin_HGB_Exp_6_023_HGB_1_058_050_026.xml
outfiles\admin_HGB_Exp_6_024_HGB_1_058_073_080.xml
outfiles\admin_HGB_Exp_6_027_HGB_1_058_106_009.xml
outfiles\admin_HGB_Exp_6_028_HGB_1_062_025_023.xml
outfiles\admin_HGB_Exp_6_029_HGB_1_062_028_013.xml
outfiles\admin_HGB_Exp_6_034_HGB_1_063_062_043.xml
outfiles\admin_HGB_Exp_6_035_HGB_1_063_109_029.xml
outfiles\admin_HGB_Exp_6_037_HGB_1_063_113_004.xml
outfiles\admin_HGB_Exp_6_038_HGB_1_063_123_060.xml
outfiles\admin_HGB_Exp_6_041_HGB_1_074_046_013.xml
outfiles\admin_HGB_Exp_6_043_HGB_1_074_088_033.xml
outfiles\admin_HGB_Exp_6_045_HGB_1_078_066_052.xml
outfiles\admin_HGB_Exp_6_047_HGB_1_085_027_032.xml
outfiles\admin_HGB_Exp_6_048_HGB_1_085_041_040.xml
outfiles\admin_HGB_Exp_6_050_HGB_1_091_128_020.xml
outfiles\admin_HGB_Exp_6_053_HGB_1_101_021_006.xml
outfiles\admin_HGB_Exp_6_055_HGB_1_113_024_004.xml
outfiles\admin_HGB_Exp_6_057_HGB_1_122_034_005.xml
outfiles\admin_HGB_Exp_6_059_HGB_1_136_027_011.xml
outfiles\admin_HGB_Exp_6_060_HGB_1_145_012_022.xml
outfiles\admin_HGB_Exp_6_061_HGB_1_146_023_038.xml
outfiles\admin_HGB_Exp_6_063_HGB_1_146_059_026.xml
outfiles\admin_HGB_Exp_6_065_HGB_1_154_027_008.xml
outfiles\admin_HGB_Exp_6_066_HGB_1_154_052_015.xml
outfiles\admin_HGB_Exp_6_068_HGB_1_155_021_060.xml
outfiles\admin_HGB_Exp_6_069_HGB_1_159_031_063.xml
outfiles\admin_HGB_Exp_6_071_HGB_1_159_127_030.xml
outfiles\admin_HGB_Exp_6_073_HGB_1_170_047_018.xml
outfiles\admin_HGB_Exp_6_074_HGB_1_173_008_034.xml
outfiles\admin_HGB_Exp_6_077_HGB_1_182_010_018.xml
outfiles\admin_HGB_Exp_6_081_HGB_1_184_060_039.xml
outfiles\admin_HGB_Exp_6_082_HGB_1_189_063_004.xml
outfiles\admin_HGB_Exp_6_084_HGB_1_194_016_008.xml
outfiles\admin_HGB_Exp_6_085_HGB_1_194_051_056.xml
outfiles\admin_HGB_Exp_6_086_HGB_1_194_073_030.xml
outfiles\admin_HGB_Exp_6_088_HGB_1_197_065_026.xml
outfiles\admin_HGB_Exp_6_092_HGB_1_215_060_045.xml
outfiles\admin_HGB_Exp_6_096_HGB_1_225_061_018.xml
outfiles\admin_HGB_Exp_6_097_HGB_1_225_064_019.xml
outfiles\admin_HGB_Exp_6_099_HGB_1_229_029_033.xml
outfiles\admin_HGB_Exp_6_100_HGB_1_229_033_026.xml
outfiles\admin_HGB_Exp_8_001_HGB_1_002_037_022.xml
outfiles\admin_HGB_Exp_8_002_HGB_1_002_085_022.xml
outfiles\admin_HGB_Exp_8_003_HGB_1_002_085_039.xml
outfiles\admin_HGB_Exp_8_004_HGB_1_002_089_010.xml
outfiles\admin_HGB_Exp_8_005_HGB_1_002_090_011.xml
outfiles\admin_HGB_Exp_8_006_HGB_1_002_098_087.xml
outfiles\admin_HGB_Exp_8_007_HGB_1_002_107_027.xml
outfiles\admin_HGB_Exp_8_008_HGB_1_002_112_062.xml
outfiles\admin_HGB_Exp_8_010_HGB_1_005_022_007.xml
outfiles\admin_HGB_Exp_8_011_HGB_1_008_024_053.xml
outfiles\admin_HGB_Exp_8_012_HGB_1_008_041_023.xml
outfiles\admin_HGB_Exp_8_013_HGB_1_008_050_024.xml
outfiles\admin_HGB_Exp_8_014_HGB_1_010_030_084.xml
outfiles\admin_HGB_Exp_8_016_HGB_1_010_118_050.xml
outfiles\admin_HGB_Exp_8_017_HGB_1_010_141_005.xml
Opening and ending tag mismatch: List line 2 and Head, line 2, column 371 (<string>, line 2)
b'<Text><Reference mention_id="1" mention_type="nam" mention_subtype="" entity_type="per" numerus="sgl" specificity="spc" tempus="pres"><Head>\ngit ze kaufen <Reference mention_id="2" mention_type="nom" mention_subtype="fam" entity_type="per" numerus="sgl" specificity="spc" tempus="pres"><List mention_id="0" subtype="" entity_types="per,per"><Reference mention_id="3" mention_type="nam" mention_subtype="" entity_type="per" numerus="sgl" specificity="spc" tempus="pres"><Head>Pet</Head></Reference>ergglin</Head> <Descriptor desc_type="loc">von <Reference mention_id="4" mention_type="nam" mention_subtype="" entity_type="gpe_loc" numerus="sgl" specificity="spc" tempus="pres"><Head>Sollotern</Head></Reference></Descriptor></Reference> u . <Reference mention_id="5" mention_type="nam" mention_subtype="" entity_type="per" numerus="sgl" specificity="spc" tempus="pres"><Head>Heintzi\nWogglis</Head> <Attribute mention_id="20" mention_type="nom" mention_subtype="fam" entity_type="per" numerus="sgl" specificity="spc" tempus="pres"><Reference mention_id="6" mention_type="pro" mention_subtype="" entity_type="per" numerus="sgl" specificity="spc" tempus="pres"><Head>sins</Head></Reference> <Head>bruders</Head></Attribute></Reference></List> <Head>selsun</Head></Reference> , <Reference mention_id="7" mention_type="nam" mention_subtype="" entity_type="per" numerus="sgl" specificity="spc" tempus="pres"><Head>Heintzin Bart</Head> <Attribute mention_id="21" mention_type="nom" mention_subtype="occ" entity_type="per" numerus="sgl" specificity="spc" tempus="pres">dem <Head>Rebman</Head></Attribute></Reference>\n<Reference mention_id="8" mention_type="nom" mention_subtype="" entity_type="fac" numerus="sgl" specificity="spc" tempus="pres">daz <Head>Hus u . Hofstatt</Head> <Descriptor desc_type="comp">mit <Reference mention_id="9" mention_type="nom" mention_subtype="" entity_type="fac" numerus="sgl" specificity="spc" tempus="pres">dem <Head>H\xc3\xb6fli</Head></Reference> u . <Reference mention_id="10" mention_type="nom" mention_subtype="" entity_type="fac" numerus="sgl" specificity="spc" tempus="pres"><Head>garten</Head></Reference> derhinder</Descriptor>\n\nals er dieselbe erpuch ankomen ist , <Descriptor desc_type="loc">als <Reference mention_id="11" mention_type="pro" mention_subtype="" entity_type="fac" numerus="sgl" specificity="spc" tempus="pres"><Head>es</Head></Reference> gelegen ist\nin <Reference mention_id="12" mention_type="nom" mention_subtype="" entity_type="fac_vorstadt" numerus="sgl" specificity="spc" tempus="pres">der <Head>vorstatt</Head> <Descriptor desc_type="loc">ze <Reference mention_id="13" mention_type="nam" mention_subtype="" entity_type="fac_rel" numerus="sgl" specificity="spc" tempus="pres"><Head>sant Alban</Head></Reference></Descriptor></Reference> uswendig <Reference mention_id="14" mention_type="nam" mention_subtype="" entity_type="fac" numerus="sgl" specificity="spc" tempus="pres"><Head>Bygdenthor</Head></Reference>\nnebend <Reference mention_id="15" mention_type="nom" mention_subtype="" entity_type="fac" numerus="sgl" specificity="spc" tempus="pres"><Descriptor desc_type="owner"><Reference mention_id="16" mention_type="nam" mention_subtype="" entity_type="per" numerus="sgl" specificity="spc" tempus="pres"><Head>Hansen Mezlis</Head></Reference></Descriptor> <Head>garten</Head></Reference> ze einer siten s <Reference mention_id="17" mention_type="nom" mention_subtype="" entity_type="fac" numerus="sgl" specificity="spc" tempus="pres"><Descriptor desc_type="owner"><Reference mention_id="18" mention_type="nam" mention_subtype="" entity_type="per" numerus="sgl" specificity="spc" tempus="pres"><Head>Cur\nH\xc3\xbcglis</Head></Reference></Descriptor> <Head>hus</Head></Reference> zer anderen siten</Descriptor></Reference> , 7 sum <Value value_type="money">24 \xe2\x84\x94</Value>.\n<Reference mention_id="19" mention_type="nam" mention_subtype="" entity_type="per" numerus="sgl" specificity="spc" tempus="pres"><Attribute mention_id="22" mention_type="nom" mention_subtype="title" entity_type="per" numerus="sgl" specificity="spc" tempus="pres"><Head>Magr .</Head></Attribute> <Head>Fabrie</Head></Reference> Consensit\n</Text>'
outfiles\admin_HGB_Exp_8_019_HGB_1_013_013_008.xml
outfiles\admin_HGB_Exp_8_020_HGB_1_013_013_043.xml
outfiles\admin_HGB_Exp_8_021_HGB_1_017_018_056.xml
outfiles\admin_HGB_Exp_8_022_HGB_1_018_011_006.xml
outfiles\admin_HGB_Exp_8_023_HGB_1_018_012_011.xml
outfiles\admin_HGB_Exp_8_025_HGB_1_024_043_011.xml
outfiles\admin_HGB_Exp_8_026_HGB_1_024_043_026.xml
outfiles\admin_HGB_Exp_8_027_HGB_1_024_047_018.xml
outfiles\admin_HGB_Exp_8_028_HGB_1_024_111_042.xml
outfiles\admin_HGB_Exp_8_029_HGB_1_024_115_045.xml
outfiles\admin_HGB_Exp_8_032_HGB_1_028_067_036.xml
outfiles\admin_HGB_Exp_8_038_HGB_1_050_042_041.xml
outfiles\admin_HGB_Exp_8_044_HGB_1_058_022_037.xml
outfiles\admin_HGB_Exp_8_045_HGB_1_058_030_010.xml
outfiles\admin_HGB_Exp_8_048_HGB_1_058_073_082.xml
outfiles\admin_HGB_Exp_8_050_HGB_1_058_136_028.xml
outfiles\admin_HGB_Exp_8_051_HGB_1_058_172_020.xml
outfiles\admin_HGB_Exp_8_052_HGB_1_058_173_009.xml
outfiles\admin_HGB_Exp_8_056_HGB_1_062_013_019.xml
outfiles\admin_HGB_Exp_8_058_HGB_1_062_022_005.xml
outfiles\admin_HGB_Exp_8_059_HGB_1_063_036_063.xml
outfiles\admin_HGB_Exp_8_060_HGB_1_063_040_021.xml
outfiles\admin_HGB_Exp_8_064_HGB_1_063_089_069.xml
outfiles\admin_HGB_Exp_8_068_HGB_1_063_112_054.xml
outfiles\admin_HGB_Exp_8_069_HGB_1_063_115_048.xml
outfiles\admin_HGB_Exp_8_071_HGB_1_064_009_037.xml
outfiles\admin_HGB_Exp_8_072_HGB_1_064_033_053.xml
outfiles\admin_HGB_Exp_8_073_HGB_1_066_034_036.xml
outfiles\admin_HGB_Exp_8_076_HGB_1_074_021_015.xml
outfiles\admin_HGB_Exp_8_079_HGB_1_074_085_016.xml
outfiles\admin_HGB_Exp_8_080_HGB_1_078_021_048.xml
outfiles\admin_HGB_Exp_8_082_HGB_1_078_027_013.xml
outfiles\admin_HGB_Exp_8_085_HGB_1_079_029_008.xml
outfiles\admin_HGB_Exp_8_093_HGB_1_091_125_042.xml
outfiles\admin_HGB_Exp_8_096_HGB_1_093_008_016.xml
outfiles\admin_HGB_Exp_8_097_HGB_1_095_011_009.xml
outfiles\admin_HGB_Exp_8_098_HGB_1_104_014_029.xml
outfiles\admin_HGB_Exp_8_099_HGB_1_104_014_031.xml
outfiles\admin_HGB_Exp_8_100_HGB_1_104_025_019.xml
outfiles\admin_HGB_Exp_8_101_HGB_1_104_029_008.xml
outfiles\admin_HGB_Exp_8_103_HGB_1_106_010_018.xml
outfiles\admin_HGB_Exp_8_104_HGB_1_112_018_024.xml
outfiles\admin_HGB_Exp_8_106_HGB_1_112_021_048.xml
outfiles\admin_HGB_Exp_8_111_HGB_1_115_008_027.xml
outfiles\admin_HGB_Exp_8_112_HGB_1_117_016_063.xml
outfiles\admin_HGB_Exp_8_113_HGB_1_118_008_013.xml
outfiles\admin_HGB_Exp_8_115_HGB_1_122_030_103.xml
outfiles\admin_HGB_Exp_8_116_HGB_1_122_032_041.xml
outfiles\admin_HGB_Exp_8_117_HGB_1_122_043_019.xml
outfiles\admin_HGB_Exp_8_119_HGB_1_131_018_044.xml
outfiles\admin_HGB_Exp_8_120_HGB_1_135_034_014.xml
outfiles\admin_HGB_Exp_8_121_HGB_1_135_034_021.xml
outfiles\admin_HGB_Exp_8_122_HGB_1_136_031_007.xml
outfiles\admin_HGB_Exp_8_123_HGB_1_136_036_029.xml
outfiles\admin_HGB_Exp_8_125_HGB_1_136_040_056.xml
outfiles\admin_HGB_Exp_8_126_HGB_1_137_025_004.xml
outfiles\admin_HGB_Exp_8_128_HGB_1_137_046_035.xml
outfiles\admin_HGB_Exp_8_130_HGB_1_146_027_038.xml
outfiles\admin_HGB_Exp_8_131_HGB_1_146_045_015.xml
outfiles\admin_HGB_Exp_8_135_HGB_1_150_035_015.xml
outfiles\admin_HGB_Exp_8_136_HGB_1_151_008_022.xml
outfiles\admin_HGB_Exp_8_137_HGB_1_153_012_003.xml
outfiles\admin_HGB_Exp_8_139_HGB_1_154_078_030.xml
outfiles\admin_HGB_Exp_8_140_HGB_1_155_016_010.xml
outfiles\admin_HGB_Exp_8_141_HGB_1_155_021_030.xml
outfiles\admin_HGB_Exp_8_143_HGB_1_159_063_085.xml
outfiles\admin_HGB_Exp_8_145_HGB_1_159_109_005.xml
outfiles\admin_HGB_Exp_8_146_HGB_1_159_115_043.xml
outfiles\admin_HGB_Exp_8_148_HGB_1_160_022_034.xml
outfiles\admin_HGB_Exp_8_150_HGB_1_168_029_014.xml
outfiles\admin_HGB_Exp_8_153_HGB_1_168_076_027.xml
outfiles\admin_HGB_Exp_8_154_HGB_1_170_051_011.xml
outfiles\admin_HGB_Exp_8_156_HGB_1_172_009_014.xml
outfiles\admin_HGB_Exp_8_160_HGB_1_181_036_027.xml
outfiles\admin_HGB_Exp_8_162_HGB_1_184_027_029.xml
outfiles\admin_HGB_Exp_8_163_HGB_1_189_034_005.xml
outfiles\admin_HGB_Exp_8_164_HGB_1_189_056_037.xml
outfiles\admin_HGB_Exp_8_165_HGB_1_194_013_029.xml
outfiles\admin_HGB_Exp_8_170_HGB_1_197_051_022.xml
outfiles\admin_HGB_Exp_8_171_HGB_1_197_053_023.xml
outfiles\admin_HGB_Exp_8_173_HGB_1_201_016_018.xml
outfiles\admin_HGB_Exp_8_174_HGB_1_203_011_011.xml
outfiles\admin_HGB_Exp_8_175_HGB_1_203_032_026.xml
WARNING: Tag index was outside text length. This can happen when a header was annotated and removed.
WARNING: Tag index was outside text length. This can happen when a header was annotated and removed.
WARNING: Tag index was outside text length. This can happen when a header was annotated and removed.
WARNING: Tag index was outside text length. This can happen when a header was annotated and removed.
WARNING: Tag index was outside text length. This can happen when a header was annotated and removed.
WARNING: Tag index was outside text length. This can happen when a header was annotated and removed.
WARNING: Tag index was outside text length. This can happen when a header was annotated and removed.
WARNING: Tag index was outside text length. This can happen when a header was annotated and removed.
outfiles\admin_HGB_Exp_8_176_HGB_1_204_035_025.xml
outfiles\admin_HGB_Exp_8_178_HGB_1_209_011_015.xml
outfiles\admin_HGB_Exp_8_179_HGB_1_214_025_003.xml
outfiles\admin_HGB_Exp_8_180_HGB_1_215_016_037.xml
outfiles\admin_HGB_Exp_8_181_HGB_1_215_018_016.xml
outfiles\admin_HGB_Exp_8_183_HGB_1_215_027_039.xml
outfiles\admin_HGB_Exp_8_184_HGB_1_215_029_026.xml
outfiles\admin_HGB_Exp_8_188_HGB_1_218_018_023.xml
outfiles\admin_HGB_Exp_8_189_HGB_1_219_006_059.xml
outfiles\admin_HGB_Exp_8_192_HGB_1_223_010_018.xml
outfiles\admin_HGB_Exp_8_193_HGB_1_223_024_015.xml
outfiles\admin_HGB_Exp_8_196_HGB_1_225_059_009.xml
outfiles\admin_HGB_Exp_8_199_HGB_1_227_071_030.xml
outfiles\admin_HGB_Exp_8_200_HGB_1_229_033_043.xml
outfiles\bhitz_HGB_Exp_3_001_HGB_1_002_037_012.xml
outfiles\bhitz_HGB_Exp_3_002_HGB_1_002_046_039.xml
outfiles\bhitz_HGB_Exp_3_003_HGB_1_002_097_007.xml
outfiles\bhitz_HGB_Exp_3_004_HGB_1_002_103_050.xml
outfiles\bhitz_HGB_Exp_3_007_HGB_1_010_061_031.xml
outfiles\bhitz_HGB_Exp_3_008_HGB_1_010_067_023.xml
outfiles\bhitz_HGB_Exp_3_010_HGB_1_010_150_012.xml
outfiles\bhitz_HGB_Exp_3_011_HGB_1_013_012_044.xml
outfiles\bhitz_HGB_Exp_3_012_HGB_1_017_012_014.xml
outfiles\bhitz_HGB_Exp_3_014_HGB_1_024_115_073.xml
outfiles\bhitz_HGB_Exp_3_015_HGB_1_028_013_018.xml
outfiles\bhitz_HGB_Exp_3_016_HGB_1_028_013_075.xml
outfiles\bhitz_HGB_Exp_3_017_HGB_1_028_051_049.xml
outfiles\bhitz_HGB_Exp_3_018_HGB_1_050_061_033.xml
outfiles\bhitz_HGB_Exp_3_019_HGB_1_051_046_003.xml
outfiles\bhitz_HGB_Exp_3_020_HGB_1_051_074_034.xml
outfiles\bhitz_HGB_Exp_3_021_HGB_1_058_054_007.xml
outfiles\bhitz_HGB_Exp_3_022_HGB_1_058_074_007.xml
outfiles\bhitz_HGB_Exp_3_027_HGB_1_063_036_036.xml
outfiles\bhitz_HGB_Exp_3_028_HGB_1_063_087_031.xml
outfiles\bhitz_HGB_Exp_3_030_HGB_1_064_026_031.xml
outfiles\bhitz_HGB_Exp_3_032_HGB_1_066_032_006.xml
outfiles\bhitz_HGB_Exp_3_034_HGB_1_074_055_006.xml
outfiles\bhitz_HGB_Exp_3_036_HGB_1_078_075_022.xml
outfiles\bhitz_HGB_Exp_3_038_HGB_1_085_046_011.xml
outfiles\bhitz_HGB_Exp_3_039_HGB_1_098_010_021.xml
outfiles\bhitz_HGB_Exp_3_040_HGB_1_103_047_003.xml
outfiles\bhitz_HGB_Exp_3_044_HGB_1_120_053_027.xml
outfiles\bhitz_HGB_Exp_3_047_HGB_1_131_012_041.xml
outfiles\bhitz_HGB_Exp_3_051_HGB_1_146_021_023.xml
outfiles\bhitz_HGB_Exp_3_054_HGB_1_147_063_006.xml
ERROR: A reference and an attribute cover each other fully, meaning a head is missing. Attribute will be deleted and Reference fixed, please investigate.
outfiles\bhitz_HGB_Exp_3_057_HGB_1_154_027_004.xml
outfiles\bhitz_HGB_Exp_3_060_HGB_1_159_072_006.xml
outfiles\bhitz_HGB_Exp_3_061_HGB_1_159_074_018.xml
outfiles\bhitz_HGB_Exp_3_065_HGB_1_160_034_027.xml
outfiles\bhitz_HGB_Exp_3_066_HGB_1_161_016_032.xml
outfiles\bhitz_HGB_Exp_3_067_HGB_1_170_045_007.xml
outfiles\bhitz_HGB_Exp_3_070_HGB_1_181_032_027.xml
outfiles\bhitz_HGB_Exp_3_071_HGB_1_182_014_009.xml
outfiles\bhitz_HGB_Exp_3_076_HGB_1_184_033_036.xml
outfiles\bhitz_HGB_Exp_3_077_HGB_1_184_035_034.xml
outfiles\bhitz_HGB_Exp_3_079_HGB_1_194_018_007.xml
outfiles\bhitz_HGB_Exp_3_080_HGB_1_194_022_003.xml
outfiles\bhitz_HGB_Exp_3_081_HGB_1_194_031_007.xml
outfiles\bhitz_HGB_Exp_3_083_HGB_1_194_064_033.xml
outfiles\bhitz_HGB_Exp_3_084_HGB_1_194_084_028.xml
outfiles\bhitz_HGB_Exp_3_090_HGB_1_208_023_015.xml
outfiles\bhitz_HGB_Exp_3_095_HGB_1_215_015_021.xml
outfiles\bhitz_HGB_Exp_3_096_HGB_1_215_023_017.xml
outfiles\bhitz_HGB_Exp_3_098_HGB_1_215_070_056.xml
outfiles\bhitz_HGB_Exp_7_001_HGB_1_002_037_017.xml
outfiles\bhitz_HGB_Exp_7_005_HGB_1_010_058_038.xml
outfiles\bhitz_HGB_Exp_7_007_HGB_1_010_070_014.xml
outfiles\bhitz_HGB_Exp_7_008_HGB_1_010_130_009.xml
outfiles\bhitz_HGB_Exp_7_009_HGB_1_014_041_003.xml
ERROR: A reference and an attribute cover each other fully, meaning a head is missing. Attribute will be deleted and Reference fixed, please investigate.
outfiles\bhitz_HGB_Exp_7_011_HGB_1_024_120_048.xml
outfiles\bhitz_HGB_Exp_7_013_HGB_1_028_048_041.xml
outfiles\bhitz_HGB_Exp_7_016_HGB_1_050_027_123.xml
outfiles\bhitz_HGB_Exp_7_018_HGB_1_051_019_093.xml
outfiles\bhitz_HGB_Exp_7_019_HGB_1_051_068_008.xml
outfiles\bhitz_HGB_Exp_7_020_HGB_1_056_014_010.xml
outfiles\bhitz_HGB_Exp_7_022_HGB_1_058_066_004.xml
outfiles\bhitz_HGB_Exp_7_024_HGB_1_058_089_018.xml
outfiles\bhitz_HGB_Exp_7_026_HGB_1_058_134_009.xml
outfiles\bhitz_HGB_Exp_7_028_HGB_1_058_204_022.xml
outfiles\bhitz_HGB_Exp_7_029_HGB_1_063_068_009.xml
outfiles\bhitz_HGB_Exp_7_030_HGB_1_074_094_021.xml
outfiles\bhitz_HGB_Exp_7_031_HGB_1_074_098_014.xml
ERROR: A reference and an attribute cover each other fully, meaning a head is missing. Attribute will be deleted and Reference fixed, please investigate.
outfiles\bhitz_HGB_Exp_7_032_HGB_1_078_025_022.xml
outfiles\bhitz_HGB_Exp_7_033_HGB_1_078_051_030.xml
outfiles\bhitz_HGB_Exp_7_034_HGB_1_085_018_012.xml
outfiles\bhitz_HGB_Exp_7_035_HGB_1_085_035_031.xml
outfiles\bhitz_HGB_Exp_7_036_HGB_1_085_054_050.xml
outfiles\bhitz_HGB_Exp_7_037_HGB_1_091_104_004.xml
outfiles\bhitz_HGB_Exp_7_038_HGB_1_091_112_023.xml
outfiles\bhitz_HGB_Exp_7_039_HGB_1_091_128_053.xml
outfiles\bhitz_HGB_Exp_7_040_HGB_1_091_149_012.xml
Opening and ending tag mismatch: Value line 2 and List, line 2, column 701 (<string>, line 2)
b'<Text><List mention_id="0" subtype="" entity_types="per,per,org_rel">Ein brief , wie <Reference mention_id="1" mention_type="nam" mention_subtype="" entity_type="per" numerus="sgl" specificity="spc" tempus="pres"><Head>Berchtoldt Luderer</Head></Reference> und\n<Reference mention_id="2" mention_type="nam" mention_subtype="" entity_type="per" numerus="sgl" specificity="spc" tempus="pres"><Head>Anna H\xc3\xbcserin</Head> <Attribute mention_id="13" mention_type="nom" mention_subtype="fam" entity_type="per" numerus="sgl" specificity="spc" tempus="pres"><Reference mention_id="3" mention_type="pro" mention_subtype="" entity_type="per" numerus="sgl" specificity="spc" tempus="pres"><Head>sin</Head></Reference> <Head>chefrow</Head></Attribute></Reference> , <Reference mention_id="4" mention_type="nom" mention_subtype="" entity_type="org_rel" numerus="sgl" specificity="spc" tempus="pres">den <Head>Predigern</Head></Reference> , <Value value_type="money">5 gl</List>d .</Value> zu\n<Value value_type="money">25\xc3\x9f</Value> zins <Value value_type="date">uf Martini</Value> von uf und ab <Reference mention_id="5" mention_type="nom" mention_subtype="" entity_type="fac" numerus="sgl" specificity="spc" tempus="pres"><Descriptor desc_type="owner"><Reference mention_id="6" mention_type="pro" mention_subtype="grp" entity_type="per" numerus="sgl" specificity="spc" tempus="pres"><Head>irem</Head></Reference></Descriptor> <Head>Hus</Head>\n<Descriptor desc_type="loc">in sanct Johanns Vorstatt neben <Reference mention_id="7" mention_type="nam" mention_subtype="" entity_type="per" numerus="sgl" specificity="spc" tempus="pres"><Head>Hans Klein</Head></Reference> und\n<Reference mention_id="8" mention_type="pro" mention_subtype="heir" entity_type="per" numerus="grp" specificity="spc" tempus="pres"><Reference mention_id="9" mention_type="nam" mention_subtype="" entity_type="per" numerus="sgl" specificity="spc" tempus="pres"><Head>Hans M\xc3\xbcllers</Head> <Descriptor desc_type="dead">sel .</Descriptor></Reference> <Head>Erben</Head></Reference> gelegen</Descriptor></Reference> und\ngenannt ist ,\nu . a . <Reference mention_id="10" mention_type="nom" mention_subtype="grp" entity_type="fac" numerus="sgl" specificity="spc" tempus="pres"><Head>Liegenschaften</Head></Reference> .\numb <Value value_type="money">100 gld .</Value> abl\xc3\xb6sigs Hauptgut ze kaufen geben\nhaben .\nDatum <Value value_type="date">Donstag nach Martini Ao 1572</Value>\nDisen zins gipt <Reference mention_id="11" mention_type="nam" mention_subtype="" entity_type="per" numerus="sgl" specificity="spc" tempus="pres"><Head>Berchtold Luderer</Head></Reference> <Value value_type="money">6 \xe2\x84\x94 5\xc3\x9f</Value>\n<Reference mention_id="12" mention_type="nam" mention_subtype="" entity_type="per" numerus="sgl" specificity="spc" tempus="pres"><Head>Berchtoldt Luderer</Head></Reference> hat <Value value_type="date">Anno 1582</Value> von den\n<Value value_type="money">100 gld .</Value> <Value value_type="money">80 gld .</Value> abgel\xc3\xb6st ; von den restierenden <Value value_type="money">20 gld</Value>\nwaren noch <Value value_type="money">1 \xe2\x84\x94 5\xc3\x9f</Value> zinsen zu bezahlen .\nIst <Value value_type="date">Ao 1584</Value> abgel\xc3\xb6st worden .\ngestrichen .\n</Text>'
outfiles\bhitz_HGB_Exp_7_042_HGB_1_101_010_009.xml
outfiles\bhitz_HGB_Exp_7_044_HGB_1_104_036_006.xml
outfiles\bhitz_HGB_Exp_7_045_HGB_1_106_022_007.xml
outfiles\bhitz_HGB_Exp_7_046_HGB_1_117_016_053.xml
outfiles\bhitz_HGB_Exp_7_049_HGB_1_136_012_006.xml
outfiles\bhitz_HGB_Exp_7_052_HGB_1_137_085_025.xml
outfiles\bhitz_HGB_Exp_7_053_HGB_1_146_036_005.xml
outfiles\bhitz_HGB_Exp_7_054_HGB_1_147_032_013.xml
outfiles\bhitz_HGB_Exp_7_055_HGB_1_147_032_031.xml
outfiles\bhitz_HGB_Exp_7_060_HGB_1_154_088_013.xml
outfiles\bhitz_HGB_Exp_7_062_HGB_1_159_046_021.xml
outfiles\bhitz_HGB_Exp_7_064_HGB_1_170_025_047.xml
outfiles\bhitz_HGB_Exp_7_066_HGB_1_176_018_024.xml
outfiles\bhitz_HGB_Exp_7_067_HGB_1_177_032_070.xml
outfiles\bhitz_HGB_Exp_7_068_HGB_1_181_028_037.xml
outfiles\bhitz_HGB_Exp_7_069_HGB_1_181_029_011.xml
outfiles\bhitz_HGB_Exp_7_070_HGB_1_184_010_027.xml
outfiles\bhitz_HGB_Exp_7_071_HGB_1_184_018_021.xml
Opening and ending tag mismatch: Descriptor line 4 and Reference, line 5, column 182 (<string>, line 5)
b'<Text>Raths Urkunde .\n<Reference mention_id="0" mention_type="nam" mention_subtype="" entity_type="org_gov" numerus="sgl" specificity="spc" tempus="pres">Die <Head>F\xc3\xbcnff \xc3\xbcber der Stet Buw</Head></Reference> erkennen zwischen\n<Reference mention_id="1" mention_type="nam" mention_subtype="" entity_type="per" numerus="sgl" specificity="spc" tempus="pres"><Head>Elsy Widmerin</Head></Reference> und <Reference mention_id="2" mention_type="nom" mention_subtype="" entity_type="org_rel" numerus="sgl" specificity="spc" tempus="pres">dem <Head>Spital</Head> <Descriptor desc_type="loc">zu <Reference mention_id="3" mention_type="nam" mention_subtype="" entity_type="gpe_loc" numerus="sgl" specificity="spc" tempus="pres"><Head>Basel</Head></Reference></Descriptor></Reference> betreffend\n<Reference mention_id="4" mention_type="nom" mention_subtype="" entity_type="fac" numerus="sgl" specificity="spc" tempus="pres">ein <Head>Muren</Head> <Descriptor desc_type="loc">vorn an <Reference mention_id="5" mention_type="nom" mention_subtype="" entity_type="fac" numerus="sgl" specificity="spc" tempus="pres">dem <Head>Hus</Head> <Descriptor desc_type="loc">in <Reference mention_id="6" mention_type="nam" mention_subtype="" entity_type="gpe_loc" numerus="sgl" specificity="spc" tempus="pres">der Statt <Head>Basel</Head></Reference> under\n<Reference mention_id="7" mention_type="nam" mention_subtype="" entity_type="fac_unk" numerus="sgl" specificity="spc" tempus="pres">den <Head>Kremeren</Head></Reference></Reference> gelegen</Descriptor> , stosset einersit an <Reference mention_id="8" mention_type="nom" mention_subtype="" entity_type="fac" numerus="sgl" specificity="spc" tempus="pres"><Descriptor desc_type="owner"><Reference mention_id="9" mention_type="nam" mention_subtype="" entity_type="per" numerus="sgl" specificity="spc" tempus="pres"><Head>Jacob Velthins</Head></Reference></Descriptor>\n<Head>Hus</Head></Reference> und zu der andern Sitten an <Reference mention_id="10" mention_type="nam" mention_subtype="" entity_type="fac" numerus="sgl" specificity="spc" tempus="pres">das Hus <Head>zum Fallast</Head></Reference></Descriptor></Reference> .\n</Text>'
outfiles\bhitz_HGB_Exp_7_077_HGB_1_194_033_023.xml
outfiles\bhitz_HGB_Exp_7_078_HGB_1_194_079_047.xml
outfiles\bhitz_HGB_Exp_7_081_HGB_1_194_115_019.xml
outfiles\bhitz_HGB_Exp_7_082_HGB_1_197_036_052.xml
outfiles\bhitz_HGB_Exp_7_085_HGB_1_197_061_015.xml
outfiles\bhitz_HGB_Exp_7_086_HGB_1_197_078_007.xml
outfiles\bhitz_HGB_Exp_7_088_HGB_1_203_014_007.xml
outfiles\bhitz_HGB_Exp_7_090_HGB_1_204_041_024.xml
outfiles\bhitz_HGB_Exp_7_092_HGB_1_214_014_015.xml
outfiles\bhitz_HGB_Exp_7_093_HGB_1_214_014_045.xml
outfiles\bhitz_HGB_Exp_7_094_HGB_1_215_013_004.xml
outfiles\bhitz_HGB_Exp_7_096_HGB_1_218_022_051.xml
outfiles\bhitz_HGB_Exp_7_097_HGB_1_222_021_012.xml
outfiles\bhitz_HGB_Exp_7_098_HGB_1_225_061_019.xml
outfiles\bhitz_HGB_Exp_7_099_HGB_1_227_042_010.xml
outfiles\bhitz_HGB_Exp_7_100_HGB_1_227_053_004.xml
outfiles\kfuchs_004_HGB_1_002_097_046.xml
outfiles\kfuchs_010_HGB_1_010_063_027.xml
outfiles\kfuchs_015_HGB_1_024_012_085.xml
outfiles\kfuchs_016_HGB_1_024_035_037.xml
outfiles\kfuchs_017_HGB_1_024_040_035.xml
outfiles\kfuchs_022_HGB_1_051_045_005.xml
outfiles\kfuchs_023_HGB_1_058_057_107.xml
outfiles\kfuchs_025_HGB_1_058_072_038.xml
outfiles\kfuchs_026_HGB_1_058_078_014.xml
outfiles\kfuchs_027_HGB_1_058_141_011.xml
outfiles\kfuchs_028_HGB_1_058_155_014.xml
outfiles\kfuchs_029_HGB_1_058_173_031.xml
outfiles\kfuchs_030_HGB_1_058_175_008.xml
outfiles\kfuchs_033_HGB_1_063_066_015.xml
outfiles\kfuchs_034_HGB_1_063_120_012.xml
outfiles\kfuchs_039_HGB_1_085_053_044.xml
outfiles\kfuchs_043_HGB_1_091_126_017.xml
outfiles\kfuchs_045_HGB_1_093_021_006.xml
outfiles\kfuchs_046_HGB_1_112_012_011.xml
outfiles\kfuchs_049_HGB_1_122_035_006.xml
Opening and ending tag mismatch: Head line 4 and Attribute, line 4, column 455 (<string>, line 4)
b'<Text><Reference mention_id="0" mention_type="nam" mention_subtype="" entity_type="per" numerus="sgl" specificity="spc" tempus="pres">Frau <Head>egnes</Head> Hoffasiin</Reference> u . <Reference mention_id="1" mention_type="nam" mention_subtype="" entity_type="per" numerus="sgl" specificity="spc" tempus="pres"><Head>Enelin</Head> <Attribute mention_id="14" mention_type="nom" mention_subtype="fam" entity_type="per" numerus="sgl" specificity="spc" tempus="pres"><Reference mention_id="2" mention_type="pro" mention_subtype="" entity_type="per" numerus="sgl" specificity="spc" tempus="pres"><Head>is</Head></Reference> <Head>tochter</Head></Attribute></Reference> ond\n<Reference mention_id="3" mention_type="nam" mention_subtype="" entity_type="per" numerus="sgl" specificity="spc" tempus="pres"><Head>Heurnhen P\xc3\xa4mlin</Head> <Attribute mention_id="15" mention_type="nom" mention_subtype="occ" entity_type="per" numerus="sgl" specificity="spc" tempus="pres">dem <Head>gewantman</Head></Attribute> <Attribute mention_id="16" mention_type="nom" mention_subtype="fam" entity_type="per" numerus="sgl" specificity="spc" tempus="pres"><Reference mention_id="4" mention_type="nam" mention_subtype="" entity_type="per" numerus="sgl" specificity="spc" tempus="pres">derselben <Head>Eenelie</Head></Reference> <Head>Eeman</Head></Attribute></Reference>\nverkaufen an <Reference mention_id="5" mention_type="nam" mention_subtype="" entity_type="per" numerus="sgl" specificity="spc" tempus="pres"><Head>Hannsen Ysenlin</Head> <Attribute mention_id="17" mention_type="nom" mention_subtype="occ" entity_type="per" numerus="sgl" specificity="spc" tempus="pres">den <Head>Kr\xc3\xa4mer</Head></Attribute></Reference> , \xc6\xb0\n<Reference mention_id="6" mention_type="nam" mention_subtype="" entity_type="per" numerus="sgl" specificity="spc" tempus="pres"><Attribute mention_id="18" mention_type="nom" mention_subtype="fam" entity_type="per" numerus="sgl" specificity="spc" tempus="pres"><Head><Reference mention_id="7" mention_type="pro" mention_subtype="" entity_type="per" numerus="sgl" specificity="spc" tempus="pres"><Head>seine</Head></Reference> <Head>Frau</Head></Attribute> Agnesen</Head></Reference> , <Reference mention_id="8" mention_type="nom" mention_subtype="" entity_type="fac" numerus="sgl" specificity="spc" tempus="pres">das <Head>Hus &amp; Hofstatt</Head> hinder &amp; vor\ngenant <Attribute mention_id="19" mention_type="nam" mention_subtype="alias" entity_type="fac" numerus="sgl" specificity="spc" tempus="pres"><Head>zem Herhorn</Head></Attribute> <Descriptor desc_type="loc">ugelegen <Reference mention_id="9" mention_type="nam" mention_subtype="" entity_type="fac_place" numerus="sgl" specificity="spc" tempus="pres">am <Head>Kornmargt</Head> .</Reference>\neinsit neben <Reference mention_id="10" mention_type="nom" mention_subtype="" entity_type="fac" numerus="sgl" specificity="spc" tempus="pres">dem <Head>Huse</Head> genant <Attribute mention_id="20" mention_type="nam" mention_subtype="alias" entity_type="fac" numerus="sgl" specificity="spc" tempus="pres"><Head>zer feyssen Hennen</Head></Attribute></Reference>\nu . andersite neben <Reference mention_id="11" mention_type="nom" mention_subtype="" entity_type="fac" numerus="sgl" specificity="spc" tempus="pres"><Descriptor desc_type="owner"><Reference mention_id="12" mention_type="nom" mention_subtype="" entity_type="per" numerus="sgl" specificity="spc" tempus="pres">des <Head>Kaufers</Head></Reference></Descriptor> <Head>huse</Head> genant <Attribute mention_id="21" mention_type="nam" mention_subtype="alias" entity_type="fac" numerus="sgl" specificity="spc" tempus="pres"><Head>Berners</Head></Attribute></Reference></Descriptor>\n<Descriptor desc_type="tax">zinset <Value value_type="time.rec">j\xc3\xa4hrl</Value> voeig . <Reference mention_id="13" mention_type="nam" mention_subtype="" entity_type="per" numerus="sgl" specificity="spc" tempus="pres"><Head>Peter Pden</Head> <Attribute mention_id="22" mention_type="nom" mention_subtype="title" entity_type="per" numerus="sgl" specificity="spc" tempus="pres"><Head>ritter</Head></Attribute></Reference> <Value value_type="money">6 \xe2\x84\x94.</Value>\n .\nu <Value value_type="money">2ring brotze</Value> wisung , u <Value value_type="money">6sherschatz</Value> , sonstfrei</Descriptor> .</Reference>\num <Value value_type="money">550 fl .</Value>\n</Text>'
outfiles\kfuchs_052_HGB_1_133_016_031.xml
Opening and ending tag mismatch: Reference line 5 and Descriptor, line 6, column 39 (<string>, line 6)
b'<Text><Reference mention_id="0" mention_type="nam" mention_subtype="" entity_type="per" numerus="sgl" specificity="spc" tempus="pres"><Head>Jerg Holzman</Head> <Attribute mention_id="13" mention_type="nom" mention_subtype="occ" entity_type="per" numerus="sgl" specificity="spc" tempus="pres">der <Head>sugder ,</Head></Attribute></Reference> u . <Reference mention_id="1" mention_type="nam" mention_subtype="" entity_type="per" numerus="sgl" specificity="spc" tempus="pres"><Attribute mention_id="14" mention_type="nom" mention_subtype="fam" entity_type="per" numerus="sgl" specificity="spc" tempus="pres"><Reference mention_id="2" mention_type="pro" mention_subtype="" entity_type="per" numerus="sgl" specificity="spc" tempus="pres"><Head>seine</Head></Reference> <Head>Frau</Head></Attribute> <Head>Adelheit .</Head></Reference>\nverkaufen an <Reference mention_id="3" mention_type="nam" mention_subtype="" entity_type="per" numerus="sgl" specificity="spc" tempus="pres"><Head>Lorenzen Sis</Head> <Attribute mention_id="15" mention_type="nom" mention_subtype="occ" entity_type="per" numerus="sgl" specificity="spc" tempus="pres">den <Head>suyder ,</Head></Attribute></Reference> <Reference mention_id="4" mention_type="nom" mention_subtype="" entity_type="fac" numerus="sgl" specificity="spc" tempus="pres">ein <Head>Hus &amp; Hofstatt</Head>\n<Descriptor desc_type="loc">by <Reference mention_id="5" mention_type="nom" mention_subtype="" entity_type="fac" numerus="sgl" specificity="spc" tempus="pres">dem <Head>Spitalbunnen</Head></Reference> am Ek des Sprungs <Reference mention_id="6" mention_type="nom" mention_subtype="" entity_type="fac_street" numerus="sgl" specificity="spc" tempus="pres">am <Head>gesslin</Head></Reference> als\nman <Reference mention_id="7" mention_type="nom" mention_subtype="" entity_type="fac_rel" numerus="sgl" specificity="spc" tempus="pres"><Head>mnnster</Head></Reference> gats zw\xc3\xbcschen\nund hindan an <Reference mention_id="8" mention_type="nom" mention_subtype="" entity_type="fac" numerus="sgl" specificity="spc" tempus="pres"><Descriptor desc_type="owner"><Reference mention_id="9" mention_type="nam" mention_subtype="" entity_type="per" numerus="sgl" specificity="spc" tempus="pres"><Head>schaltenprands</Head></Reference></Descriptor> <Head>hus</Head> gelegen so <Attribute mention_id="16" mention_type="nam" mention_subtype="alias" entity_type="fac" numerus="sgl" specificity="spc" tempus="pres"><Head>zum rotten\nth\xc3\xbcrun</Head></Attribute></Descriptor> , genant ist</Reference> , <Descriptor desc_type="tax">zinst voneig . zu <Reference mention_id="10" mention_type="nam" mention_subtype="" entity_type="fac_rel" numerus="sgl" specificity="spc" tempus="pres"><Head>s . Claren</Head></Reference> <Value value_type="money">8s . 2ring\nbrot</Value> ze wysung u <Value value_type="money">5 sh .</Value> erschatz , jtem <Reference mention_id="11" mention_type="nom" mention_subtype="" entity_type="org" numerus="sgl" specificity="spc" tempus="pres">der <Head>Presenz uf Bug</Head></Reference> <Value value_type="money">1 \xe2\x84\x94.</Value>\n<Value value_type="money">2sh .</Value> u . <Reference mention_id="12" mention_type="nom" mention_subtype="" entity_type="org" numerus="sgl" specificity="spc" tempus="pres">dem <Head>Spital</Head></Reference> <Value value_type="money">30sh .</Value> sonst frei</Descriptor></Reference> , um <Value value_type="money">29 fl</Value>\n</Text>'
outfiles\kfuchs_053_HGB_1_136_035_055.xml
outfiles\kfuchs_055_HGB_1_146_031_007.xml
outfiles\kfuchs_058_HGB_1_154_014_014.xml
outfiles\kfuchs_067_HGB_1_160_033_017.xml
ERROR: A reference and an attribute cover each other fully, meaning a head is missing. Attribute will be deleted and Reference fixed, please investigate.
outfiles\kfuchs_068_HGB_1_161_023_006.xml
outfiles\kfuchs_070_HGB_1_184_060_040.xml
outfiles\kfuchs_072_HGB_1_194_018_009.xml
outfiles\kfuchs_073_HGB_1_194_022_039.xml
outfiles\kfuchs_078_HGB_1_194_069_028.xml
ERROR: A reference and an attribute cover each other fully, meaning a head is missing. Attribute will be deleted and Reference fixed, please investigate.
outfiles\kfuchs_079_HGB_1_194_079_029.xml
outfiles\kfuchs_081_HGB_1_194_095_009.xml
ERROR: A reference and an attribute cover each other fully, meaning a head is missing. Attribute will be deleted and Reference fixed, please investigate.
ERROR: A reference and an attribute cover each other fully, meaning a head is missing. Attribute will be deleted and Reference fixed, please investigate.
WARNING: Tag index was outside text length. This can happen when a header was annotated and removed.
WARNING: Tag index was outside text length. This can happen when a header was annotated and removed.
Opening and ending tag mismatch: Head line 6 and Text, line 7, column 8 (<string>, line 7)
b'<Text><Reference mention_id="0" mention_type="nam" mention_subtype="" entity_type="per" numerus="sgl" specificity="spc" tempus="pres"><Head>Jacob M\xc3\xbcrer</Head> <Descriptor desc_type="loc">von <Reference mention_id="1" mention_type="nam" mention_subtype="" entity_type="gpe_loc" numerus="sgl" specificity="spc" tempus="pres"><Head>Syburg zu \xc3\xb6chtland</Head></Reference></Descriptor> <Attribute mention_id="12" mention_type="nom" mention_subtype="occ" entity_type="per" numerus="sgl" specificity="spc" tempus="pres">der <Head>Camer</Head></Attribute></Reference> , verkauftz \xc2\xac\n<Reference mention_id="2" mention_type="nam" mention_subtype="" entity_type="per" numerus="sgl" specificity="spc" tempus="pres"><Head>Cristan Tanthle</Head> <Attribute mention_id="13" mention_type="nom" mention_subtype="occ" entity_type="per" numerus="sgl" specificity="spc" tempus="pres">den <Head>Schnider</Head></Attribute></Reference> , u . <Reference mention_id="3" mention_type="nam" mention_subtype="" entity_type="per" numerus="sgl" specificity="spc" tempus="pres"><Reference mention_id="4" mention_type="pro" mention_subtype="" entity_type="per" numerus="sgl" specificity="spc" tempus="pres">seine <Head>Frau</Head></Reference> <Head>Adelkeit</Head></Reference> , <Reference mention_id="5" mention_type="nom" mention_subtype="" entity_type="fac" numerus="sgl" specificity="spc" tempus="pres">das\n<Head>Hus &amp; Hofstatt</Head> <Descriptor desc_type="loc">an <Reference mention_id="6" mention_type="nam" mention_subtype="" entity_type="loc" numerus="sgl" specificity="spc" tempus="pres">den <Head>Spalen</Head></Reference> , zw\xc3\xbcschen <Reference mention_id="7" mention_type="nam" mention_subtype="" entity_type="fac" numerus="sgl" specificity="spc" tempus="pres">dem <Head>Hus zum Roten\n uopf</Head></Reference> u . <Reference mention_id="8" mention_type="nom" mention_subtype="owner" entity_type="fac" numerus="sgl" specificity="spc" tempus="pres"><Head><Reference mention_id="9" mention_type="nam" mention_subtype="" entity_type="per" numerus="sgl" specificity="spc" tempus="pres"><Head>Jacob pflisters</Head> <Attribute mention_id="15" mention_type="nom" mention_subtype="occ" entity_type="per" numerus="sgl" specificity="spc" tempus="pres">des <Head>slossers</Head></Attribute></Reference> hus</Head></Reference> gelegen</Descriptor> , u . <Attribute mention_id="16" mention_type="nam" mention_subtype="alias" entity_type="fac" numerus="sgl" specificity="spc" tempus="pres"><Head>Banwart\nhuse</Head></Attribute> genant ist , <Descriptor desc_type="tax">zinst <Value value_type="time.rec">j\xc3\xa4hrl</Value> voneig . <Reference mention_id="10" mention_type="nom" mention_subtype="" entity_type="org" numerus="sgl" specificity="spc" tempus="pres">dem <Head>Spital</Head></Reference> <Value value_type="money">1 \xe2\x84\x94 16dn</Value> . u .\n<Value value_type="money">1 / 2 \xe2\x84\x94 Pfeffer</Value> ze wysung , u . <Value value_type="money">10 ssh</Value> erschatz  , sonstfrei</Descriptor></Reference> ,<Reference mention_id="11" mention_type="nom" mention_subtype="" entity_type="per" numerus="sgl" specificity="spc" tempus="pres"> sum<Head> <Value value_type="money">6 \xe2\x84\x94.</Value>\n</Text>'
outfiles\kfuchs_083_HGB_1_199_025_029.xml
outfiles\kfuchs_084_HGB_1_203_008_034.xml
outfiles\kfuchs_085_HGB_1_204_014_005.xml
outfiles\kfuchs_087_HGB_1_204_052_016.xml
outfiles\kfuchs_088_HGB_1_206_007_013.xml
outfiles\kfuchs_090_HGB_1_215_021_031.xml
outfiles\kfuchs_091_HGB_1_215_032_057.xml
outfiles\kfuchs_092_HGB_1_215_064_021.xml
outfiles\kfuchs_093_HGB_1_218_021_008.xml
outfiles\kfuchs_097_HGB_1_227_053_027.xml
outfiles\kfuchs_099_HGB_1_227_079_008.xml
outfiles\kfuchs_HGB_Exp_10_001_HGB_1_002_026_028.xml
outfiles\kfuchs_HGB_Exp_10_006_HGB_1_002_116_012.xml
outfiles\kfuchs_HGB_Exp_10_007_HGB_1_002_122_027.xml
outfiles\kfuchs_HGB_Exp_10_013_HGB_1_010_058_006.xml
outfiles\kfuchs_HGB_Exp_10_014_HGB_1_010_058_016.xml
outfiles\kfuchs_HGB_Exp_10_019_HGB_1_010_109_010.xml
outfiles\kfuchs_HGB_Exp_10_020_HGB_1_010_121_036.xml
outfiles\kfuchs_HGB_Exp_10_026_HGB_1_023_020_006.xml
outfiles\kfuchs_HGB_Exp_10_028_HGB_1_024_040_032.xml
outfiles\kfuchs_HGB_Exp_10_033_HGB_1_028_068_047.xml
outfiles\kfuchs_HGB_Exp_10_036_HGB_1_044_008_019.xml
outfiles\kfuchs_HGB_Exp_10_038_HGB_1_051_019_065.xml
outfiles\kfuchs_HGB_Exp_10_039_HGB_1_056_015_014.xml
outfiles\kfuchs_HGB_Exp_10_041_HGB_1_058_067_039.xml
outfiles\kfuchs_HGB_Exp_10_042_HGB_1_058_109_027.xml
outfiles\kfuchs_HGB_Exp_10_043_HGB_1_058_150_005.xml
outfiles\kfuchs_HGB_Exp_10_052_HGB_1_063_061_016.xml
outfiles\kfuchs_HGB_Exp_10_053_HGB_1_063_097_014.xml
outfiles\kfuchs_HGB_Exp_10_057_HGB_1_064_016_021.xml
outfiles\kfuchs_HGB_Exp_10_058_HGB_1_064_023_009.xml
outfiles\kfuchs_HGB_Exp_10_063_HGB_1_066_059_052.xml
outfiles\kfuchs_HGB_Exp_10_068_HGB_1_074_038_011.xml
outfiles\kfuchs_HGB_Exp_10_070_HGB_1_074_098_015.xml
outfiles\kfuchs_HGB_Exp_10_074_HGB_1_078_021_063.xml
outfiles\kfuchs_HGB_Exp_10_091_HGB_1_112_017_016.xml
outfiles\kfuchs_HGB_Exp_10_093_HGB_1_113_024_005.xml
Opening and ending tag mismatch: Head line 3 and List, line 3, column 376 (<string>, line 3)
b'<Text>Item do gab ze kouffende <Reference mention_id="2" mention_type="nam" mention_subtype="" entity_type="per" numerus="sgl" specificity="spc" tempus="pres"><Head>Walther G\xc3\xb6tz</Head> <Attribute mention_id="17" mention_type="nom" mention_subtype="occ" entity_type="per" numerus="sgl" specificity="spc" tempus="pres">der\n<Head>kremer</Head></Attribute> <Attribute mention_id="18" mention_type="nom" mention_subtype="org-aff" entity_type="per" numerus="sgl" specificity="spc" tempus="pres"><Head>burger</Head></Attribute></Reference> und <Reference mention_id="3" mention_type="nam" mention_subtype="" entity_type="per" numerus="sgl" specificity="spc" tempus="pres"><Head>Adelheite <Reference mention_id="4" mention_type="pro" mention_subtype="" entity_type="per" numerus="sgl" specificity="spc" tempus="pres"><Head>eig</Head></Reference> <Attribute mention_id="19" mention_type="nom" mention_subtype="fam" entity_type="per" numerus="sgl" specificity="spc" tempus="pres"><Head>uxor</Head></Attribute></Head></Reference>\n<List mention_id="0" subtype="" entity_types="per"><Reference mention_id="5" mention_type="nam" mention_subtype="" entity_type="per" numerus="sgl" specificity="spc" tempus="pres"><Head>Henman Saler</Head></Reference> und <Reference mention_id="6" mention_type="nam" mention_subtype="" entity_type="per" numerus="sgl" specificity="spc" tempus="pres"><Head>Wernlin Saler</List> <Attribute mention_id="20" mention_type="nom" mention_subtype="fam" entity_type="per" numerus="sgl" specificity="spc" tempus="pres"><Reference mention_id="7" mention_type="pro" mention_subtype="" entity_type="per" numerus="sgl" specificity="spc" tempus="pres"><Head>sinem</Head></Reference>\n<Head>sine</Head></Attribute></Head></Reference> <Reference mention_id="8" mention_type="nom" mention_subtype="" entity_type="fac" numerus="sgl" specificity="spc" tempus="pres">das <Head>huse und hofstat</Head> mit <Descriptor desc_type="comp"><Reference mention_id="9" mention_type="nom" mention_subtype="" entity_type="fac" numerus="sgl" specificity="spc" tempus="pres">dem <Head>stock</Head></Reference>\nhinder dem huse und <Reference mention_id="10" mention_type="nom" mention_subtype="" entity_type="fac" numerus="sgl" specificity="spc" tempus="pres">dem <Head>garten</Head></Reference> dahin \xc2\xac\nder gelegen</Descriptor> mit allen sinen rechten und\nzugeh\xc3\xb6rden <Descriptor desc_type="loc">an <Reference mention_id="11" mention_type="nam" mention_subtype="" entity_type="loc" numerus="sgl" specificity="spc" tempus="pres">den <Head>Spalen</Head></Reference> gelegen zwu -\nschent <List mention_id="1" subtype="" entity_types="per,per"><Reference mention_id="12" mention_type="nam" mention_subtype="" entity_type="per" numerus="sgl" specificity="spc" tempus="pres"><Head>Cum Houpt</Head> <Attribute mention_id="21" mention_type="nom" mention_subtype="occ" entity_type="per" numerus="sgl" specificity="spc" tempus="pres">dem <Head>gartner</Head></Attribute></Reference> und\n<Reference mention_id="13" mention_type="nam" mention_subtype="" entity_type="per" numerus="sgl" specificity="spc" tempus="pres"><Attribute mention_id="22" mention_type="nom" mention_subtype="fam" entity_type="per" numerus="sgl" specificity="spc" tempus="pres"><Head>frow</Head></Attribute> <Head>Margarethen</Head></Reference></List> <Attribute mention_id="23" mention_type="nam" mention_subtype="alias" entity_type="loc" numerus="sgl" specificity="spc" tempus="pres"><Head>zem Rosen</Head></Attribute> genant\nvon <Reference mention_id="14" mention_type="nam" mention_subtype="" entity_type="gpe_loc" numerus="sgl" specificity="spc" tempus="pres"><Head>Morsperg</Head></Reference></Descriptor> ist lidig eigen usgenomen\ndas da von gangent und man geben\nsol <Reference mention_id="15" mention_type="nom" mention_subtype="grp_rel" entity_type="per" numerus="sgl" specificity="spc" tempus="pres">den <Head>geistlichen frowen</Head> der prorin <Descriptor desc_type="loc">an\n<Reference mention_id="16" mention_type="nam" mention_subtype="" entity_type="loc" numerus="sgl" specificity="spc" tempus="pres">den <Head>Steinen</Head></Reference></Descriptor></Reference> <Value value_type="money">3 1 / 2 \xe2\x84\x94</Value> nuwer Baseler ph</Reference> .\nsint gekoufft und widerkouffig mit f\xc3\xbcnff\ntzig und 5 pfunt pro summa 68 flor .\n\n</Text>'
outfiles\kfuchs_HGB_Exp_10_097_HGB_1_117_018_026.xml
outfiles\kfuchs_HGB_Exp_10_098_HGB_1_119_006_015.xml
outfiles\kfuchs_HGB_Exp_4_001_HGB_1_002_112_024.xml
outfiles\kfuchs_HGB_Exp_4_002_HGB_1_002_112_041.xml
outfiles\kfuchs_HGB_Exp_4_005_HGB_1_008_017_053.xml
outfiles\kfuchs_HGB_Exp_4_006_HGB_1_008_043_005.xml
outfiles\kfuchs_HGB_Exp_4_009_HGB_1_010_121_040.xml
outfiles\kfuchs_HGB_Exp_4_014_HGB_1_024_077_028.xml
outfiles\kfuchs_HGB_Exp_4_015_HGB_1_028_039_005.xml
outfiles\kfuchs_HGB_Exp_4_019_HGB_1_050_026_031.xml
outfiles\kfuchs_HGB_Exp_4_020_HGB_1_050_036_006.xml
outfiles\kfuchs_HGB_Exp_4_022_HGB_1_051_028_022.xml
outfiles\kfuchs_HGB_Exp_4_024_HGB_1_051_087_017.xml
outfiles\kfuchs_HGB_Exp_4_025_HGB_1_058_028_012.xml
outfiles\kfuchs_HGB_Exp_4_026_HGB_1_058_042_020.xml
outfiles\kfuchs_HGB_Exp_4_030_HGB_1_062_022_016.xml
outfiles\kfuchs_HGB_Exp_4_031_HGB_1_063_045_008.xml
outfiles\kfuchs_HGB_Exp_4_032_HGB_1_063_046_008.xml
outfiles\kfuchs_HGB_Exp_4_033_HGB_1_064_036_030.xml
outfiles\kfuchs_HGB_Exp_4_034_HGB_1_066_034_023.xml
outfiles\kfuchs_HGB_Exp_4_037_HGB_1_074_085_009.xml
outfiles\kfuchs_HGB_Exp_4_040_HGB_1_078_050_026.xml
outfiles\kfuchs_HGB_Exp_4_041_HGB_1_085_027_038.xml
outfiles\kfuchs_HGB_Exp_4_043_HGB_1_101_017_014.xml
outfiles\kfuchs_HGB_Exp_4_050_HGB_1_133_027_029.xml
outfiles\kfuchs_HGB_Exp_4_051_HGB_1_133_031_050.xml
outfiles\kfuchs_HGB_Exp_4_057_HGB_1_159_112_017.xml
outfiles\kfuchs_HGB_Exp_4_065_HGB_1_181_031_036.xml
outfiles\kfuchs_HGB_Exp_4_068_HGB_1_184_031_059.xml
outfiles\kfuchs_HGB_Exp_4_069_HGB_1_189_018_048.xml
outfiles\kfuchs_HGB_Exp_4_070_HGB_1_194_024_022.xml
outfiles\kfuchs_HGB_Exp_4_071_HGB_1_194_030_031.xml
outfiles\kfuchs_HGB_Exp_4_072_HGB_1_194_034_006.xml
outfiles\kfuchs_HGB_Exp_4_075_HGB_1_194_090_044.xml
outfiles\kfuchs_HGB_Exp_4_080_HGB_1_204_039_032.xml
outfiles\kfuchs_HGB_Exp_4_083_HGB_1_214_045_009.xml
outfiles\kfuchs_HGB_Exp_4_084_HGB_1_214_056_018.xml
outfiles\kfuchs_HGB_Exp_4_087_HGB_1_216_017_042.xml
outfiles\kfuchs_HGB_Exp_4_092_HGB_1_218_028_085.xml
outfiles\kfuchs_HGB_Exp_4_095_HGB_1_227_018_020.xml
outfiles\kfuchs_HGB_Exp_4_097_HGB_1_227_046_007.xml
outfiles\kfuchs_HGB_Exp_4_098_HGB_1_227_046_017.xml
outfiles\kfuchs_HGB_Exp_4_099_HGB_1_229_036_039.xml
outfiles\kfuchs_HGB_Exp_4_100_HGB_1_229_037_021.xml
